<?xml version="1.0" encoding="UTF-8"?>
<!-- Generated by org.testng.reporters.JUnitXMLReporter -->
<testsuite ignored="0" hostname="DESKTOP-U5NHGPO" failures="0" tests="6" name="Surefire test" time="93.446" errors="0" timestamp="2025-12-21T01:41:26 GMT-08:00">
  <testcase classname="com.automation.test.FirstSeleniumTest" name="launchBrowserTest" time="21.311"/>
  <testcase classname="com.automation.test.FirstTest" name="verifyTestNGisWorking" time="0.002"/>
  <testcase classname="com.automation.test.JobSearchTest" name="verifyAdvancedSearchForQAInPune" time="11.992"/>
  <testcase classname="com.automation.test.LoginTest" name="verifyLogin" time="6.746"/>
  <testcase classname="com.automation.test.LoginTest" name="verifyLogin" time="17.363"/>
  <testcase classname="com.automation.test.LoginTest" name="verifyLogin" time="17.292"/>
</testsuite> <!-- Surefire test -->
