<?xml version="1.0" encoding="UTF-8"?>
<!-- Generated by org.testng.reporters.JUnitXMLReporter -->
<testsuite ignored="2" hostname="DESKTOP-SKDSDP6" failures="0" tests="1" name="Surefire test" time="120.659" errors="0" timestamp="2025-12-08T10:14:42 IST">
  <testcase classname="com.automation.test.LoginTest" name="verifyProfileLinkClickAndPause" time="43.003"/>
  <testcase classname="com.automation.test.LoginTest" name="verifySuccessfulLogin" time="0.0">
    <ignored/>
  </testcase> <!-- verifySuccessfulLogin -->
  <testcase classname="com.automation.test.LoginTest" name="verifyProfileHeadingIsVisible" time="0.0">
    <ignored/>
  </testcase> <!-- verifyProfileHeadingIsVisible -->
</testsuite> <!-- Surefire test -->
