<?xml version="1.0" encoding="UTF-8"?>
<!-- Generated by org.testng.reporters.JUnitXMLReporter -->
<testsuite ignored="0" hostname="DESKTOP-U5NHGPO" failures="0" tests="5" name="Login Functionality Tests" time="81.61" errors="0" timestamp="2025-12-18T06:02:09 GMT-08:00">
  <testcase classname="com.automation.test.LoginTest" name="verifyLogin" time="7.598"/>
  <testcase classname="com.automation.test.LoginTest" name="verifyLogin" time="17.24"/>
  <testcase classname="com.automation.test.LoginTest" name="verifyLogin" time="17.397"/>
  <testcase classname="com.automation.test.JobSearchTest" name="verifyAdvancedSearchForQAInPune" time="8.507"/>
  <testcase classname="com.automation.test.FirstTest" name="verifyTestNGisWorking" time="0.005"/>
</testsuite> <!-- Login Functionality Tests -->
