<?xml version="1.0" encoding="UTF-8"?>
<!-- Generated by org.testng.reporters.JUnitXMLReporter -->
<testsuite ignored="0" hostname="DESKTOP-U5NHGPO" failures="0" tests="5" name="Login Functionality Tests" time="76.411" errors="0" timestamp="2025-12-21T00:21:30 GMT-08:00">
  <testcase classname="com.automation.test.LoginTest" name="verifyLogin" time="6.484"/>
  <testcase classname="com.automation.test.LoginTest" name="verifyLogin" time="17.129"/>
  <testcase classname="com.automation.test.LoginTest" name="verifyLogin" time="17.135"/>
  <testcase classname="com.automation.test.JobSearchTest" name="verifyAdvancedSearchForQAInPune" time="8.311"/>
  <testcase classname="com.automation.test.FirstTest" name="verifyTestNGisWorking" time="0.006"/>
</testsuite> <!-- Login Functionality Tests -->
