<?xml version="1.0" encoding="UTF-8"?>
<testng-results ignored="0" total="6" passed="6" failed="0" skipped="0">
  <reporter-output>
  </reporter-output>
  <suite started-at="2025-12-21T01:39:52 GMT-08:00" name="Surefire suite" finished-at="2025-12-21T01:41:26 GMT-08:00" duration-ms="93446">
    <groups>
    </groups>
    <test started-at="2025-12-21T01:39:52 GMT-08:00" name="Surefire test" finished-at="2025-12-21T01:41:26 GMT-08:00" duration-ms="93446">
      <class name="com.automation.test.LoginTest">
        <test-method is-config="true" signature="setup()[pri:0, instance:com.automation.test.LoginTest@433d61fb]" started-at="2025-12-21T01:40:29 GMT-08:00" name="setup" finished-at="2025-12-21T01:40:34 GMT-08:00" duration-ms="5200" status="PASS">
          <reporter-output>
          </reporter-output>
        </test-method> <!-- setup -->
        <test-method signature="verifyLogin(java.lang.String,java.lang.String,java.lang.String)[pri:1, instance:com.automation.test.LoginTest@433d61fb]" started-at="2025-12-21T01:40:34 GMT-08:00" name="verifyLogin" data-provider="loginData" finished-at="2025-12-21T01:40:41 GMT-08:00" duration-ms="6746" status="PASS">
          <params>
            <param index="0">
              <value>
                <![CDATA["sawantomkar173@gmail.com]]>
              </value>
            </param>
            <param index="1">
              <value>
                <![CDATA[Bruno@123]]>
              </value>
            </param>
            <param index="2">
              <value>
                <![CDATA[Success"]]>
              </value>
            </param>
          </params>
          <reporter-output>
          </reporter-output>
        </test-method> <!-- verifyLogin -->
        <test-method is-config="true" signature="tearDown(org.testng.ITestResult)[pri:0, instance:com.automation.test.LoginTest@433d61fb]" started-at="2025-12-21T01:40:41 GMT-08:00" name="tearDown" finished-at="2025-12-21T01:40:41 GMT-08:00" duration-ms="216" status="PASS">
          <params>
            <param index="0">
              <value>
                <![CDATA[[TestResult name=verifyLogin status=SUCCESS method=LoginTest.verifyLogin(java.lang.String,java.lang.String,java.lang.String)[pri:1, instance:com.automation.test.LoginTest@433d61fb] output={null}]]]>
              </value>
            </param>
          </params>
          <reporter-output>
          </reporter-output>
        </test-method> <!-- tearDown -->
        <test-method is-config="true" signature="setup()[pri:0, instance:com.automation.test.LoginTest@433d61fb]" started-at="2025-12-21T01:40:41 GMT-08:00" name="setup" finished-at="2025-12-21T01:40:46 GMT-08:00" duration-ms="4612" status="PASS">
          <reporter-output>
          </reporter-output>
        </test-method> <!-- setup -->
        <test-method signature="verifyLogin(java.lang.String,java.lang.String,java.lang.String)[pri:1, instance:com.automation.test.LoginTest@433d61fb]" started-at="2025-12-21T01:40:46 GMT-08:00" name="verifyLogin" data-provider="loginData" finished-at="2025-12-21T01:41:03 GMT-08:00" duration-ms="17363" status="PASS">
          <params>
            <param index="0">
              <value>
                <![CDATA["invalid@email.com]]>
              </value>
            </param>
            <param index="1">
              <value>
                <![CDATA[wrongpass]]>
              </value>
            </param>
            <param index="2">
              <value>
                <![CDATA[Failure"]]>
              </value>
            </param>
          </params>
          <reporter-output>
          </reporter-output>
        </test-method> <!-- verifyLogin -->
        <test-method is-config="true" signature="tearDown(org.testng.ITestResult)[pri:0, instance:com.automation.test.LoginTest@433d61fb]" started-at="2025-12-21T01:41:03 GMT-08:00" name="tearDown" finished-at="2025-12-21T01:41:03 GMT-08:00" duration-ms="242" status="PASS">
          <params>
            <param index="0">
              <value>
                <![CDATA[[TestResult name=verifyLogin status=SUCCESS method=LoginTest.verifyLogin(java.lang.String,java.lang.String,java.lang.String)[pri:1, instance:com.automation.test.LoginTest@433d61fb] output={null}]]]>
              </value>
            </param>
          </params>
          <reporter-output>
          </reporter-output>
        </test-method> <!-- tearDown -->
        <test-method is-config="true" signature="setup()[pri:0, instance:com.automation.test.LoginTest@433d61fb]" started-at="2025-12-21T01:41:03 GMT-08:00" name="setup" finished-at="2025-12-21T01:41:08 GMT-08:00" duration-ms="4698" status="PASS">
          <reporter-output>
          </reporter-output>
        </test-method> <!-- setup -->
        <test-method signature="verifyLogin(java.lang.String,java.lang.String,java.lang.String)[pri:1, instance:com.automation.test.LoginTest@433d61fb]" started-at="2025-12-21T01:41:08 GMT-08:00" name="verifyLogin" data-provider="loginData" finished-at="2025-12-21T01:41:25 GMT-08:00" duration-ms="17292" status="PASS">
          <params>
            <param index="0">
              <value>
                <![CDATA["user2@test.com]]>
              </value>
            </param>
            <param index="1">
              <value>
                <![CDATA[password]]>
              </value>
            </param>
            <param index="2">
              <value>
                <![CDATA[Failure"]]>
              </value>
            </param>
          </params>
          <reporter-output>
          </reporter-output>
        </test-method> <!-- verifyLogin -->
        <test-method is-config="true" signature="tearDown(org.testng.ITestResult)[pri:0, instance:com.automation.test.LoginTest@433d61fb]" started-at="2025-12-21T01:41:25 GMT-08:00" name="tearDown" finished-at="2025-12-21T01:41:26 GMT-08:00" duration-ms="249" status="PASS">
          <params>
            <param index="0">
              <value>
                <![CDATA[[TestResult name=verifyLogin status=SUCCESS method=LoginTest.verifyLogin(java.lang.String,java.lang.String,java.lang.String)[pri:1, instance:com.automation.test.LoginTest@433d61fb] output={null}]]]>
              </value>
            </param>
          </params>
          <reporter-output>
          </reporter-output>
        </test-method> <!-- tearDown -->
      </class> <!-- com.automation.test.LoginTest -->
      <class name="com.automation.test.FirstTest">
        <test-method signature="verifyTestNGisWorking()[pri:0, instance:com.automation.test.FirstTest@7adda9cc]" started-at="2025-12-21T01:40:14 GMT-08:00" name="verifyTestNGisWorking" finished-at="2025-12-21T01:40:14 GMT-08:00" duration-ms="2" status="PASS">
          <reporter-output>
          </reporter-output>
        </test-method> <!-- verifyTestNGisWorking -->
      </class> <!-- com.automation.test.FirstTest -->
      <class name="com.automation.test.FirstSeleniumTest">
        <test-method signature="launchBrowserTest()[pri:0, instance:com.automation.test.FirstSeleniumTest@7c0c77c7]" started-at="2025-12-21T01:39:52 GMT-08:00" name="launchBrowserTest" finished-at="2025-12-21T01:40:14 GMT-08:00" duration-ms="21311" status="PASS">
          <reporter-output>
          </reporter-output>
        </test-method> <!-- launchBrowserTest -->
      </class> <!-- com.automation.test.FirstSeleniumTest -->
      <class name="com.automation.test.JobSearchTest">
        <test-method is-config="true" signature="setup()[pri:0, instance:com.automation.test.JobSearchTest@5cee5251]" started-at="2025-12-21T01:40:14 GMT-08:00" name="setup" finished-at="2025-12-21T01:40:17 GMT-08:00" duration-ms="3090" status="PASS">
          <reporter-output>
          </reporter-output>
        </test-method> <!-- setup -->
        <test-method signature="verifyAdvancedSearchForQAInPune()[pri:1, instance:com.automation.test.JobSearchTest@5cee5251]" started-at="2025-12-21T01:40:17 GMT-08:00" name="verifyAdvancedSearchForQAInPune" finished-at="2025-12-21T01:40:29 GMT-08:00" duration-ms="11992" status="PASS">
          <reporter-output>
          </reporter-output>
        </test-method> <!-- verifyAdvancedSearchForQAInPune -->
        <test-method is-config="true" signature="tearDown(org.testng.ITestResult)[pri:0, instance:com.automation.test.JobSearchTest@5cee5251]" started-at="2025-12-21T01:40:29 GMT-08:00" name="tearDown" finished-at="2025-12-21T01:40:29 GMT-08:00" duration-ms="291" status="PASS">
          <params>
            <param index="0">
              <value>
                <![CDATA[[TestResult name=verifyAdvancedSearchForQAInPune status=SUCCESS method=JobSearchTest.verifyAdvancedSearchForQAInPune()[pri:1, instance:com.automation.test.JobSearchTest@5cee5251] output={null}]]]>
              </value>
            </param>
          </params>
          <reporter-output>
          </reporter-output>
        </test-method> <!-- tearDown -->
      </class> <!-- com.automation.test.JobSearchTest -->
    </test> <!-- Surefire test -->
  </suite> <!-- Surefire suite -->
</testng-results>
