<?xml version="1.0" encoding="UTF-8"?>
<testng-results ignored="0" total="1" passed="1" failed="0" skipped="0">
  <reporter-output>
  </reporter-output>
  <suite started-at="2025-12-08T10:12:40 IST" name="Surefire suite" finished-at="2025-12-08T10:14:41 IST" duration-ms="120659">
    <groups>
    </groups>
    <test started-at="2025-12-08T10:12:40 IST" name="Surefire test" finished-at="2025-12-08T10:14:41 IST" duration-ms="120659">
      <class name="com.automation.test.LoginTest">
        <test-method is-config="true" signature="setup()[pri:0, instance:com.automation.test.LoginTest@ec756bd]" started-at="2025-12-08T10:12:40 IST" name="setup" finished-at="2025-12-08T10:13:55 IST" duration-ms="74431" status="PASS">
          <reporter-output>
          </reporter-output>
        </test-method> <!-- setup -->
        <test-method signature="verifyProfileLinkClickAndPause()[pri:0, instance:com.automation.test.LoginTest@ec756bd]" started-at="2025-12-08T10:13:55 IST" name="verifyProfileLinkClickAndPause" finished-at="2025-12-08T10:14:38 IST" duration-ms="43003" status="PASS">
          <reporter-output>
          </reporter-output>
        </test-method> <!-- verifyProfileLinkClickAndPause -->
        <test-method is-config="true" signature="teardown()[pri:0, instance:com.automation.test.LoginTest@ec756bd]" started-at="2025-12-08T10:14:38 IST" name="teardown" finished-at="2025-12-08T10:14:41 IST" duration-ms="3136" status="PASS">
          <reporter-output>
          </reporter-output>
        </test-method> <!-- teardown -->
      </class> <!-- com.automation.test.LoginTest -->
    </test> <!-- Surefire test -->
  </suite> <!-- Surefire suite -->
</testng-results>
