<?xml version="1.0" encoding="UTF-8"?>
<testng-results ignored="0" total="5" passed="5" failed="0" skipped="0">
  <reporter-output>
  </reporter-output>
  <suite started-at="2025-12-18T06:00:47 GMT-08:00" name="Naukri DDT Suite" finished-at="2025-12-18T06:02:09 GMT-08:00" duration-ms="81610">
    <groups>
    </groups>
    <test started-at="2025-12-18T06:00:47 GMT-08:00" name="Login Functionality Tests" finished-at="2025-12-18T06:02:09 GMT-08:00" duration-ms="81610">
      <class name="com.automation.test.LoginTest">
        <test-method is-config="true" signature="setup(java.lang.String)[pri:0, instance:com.automation.test.LoginTest@49e53c76]" started-at="2025-12-18T06:00:47 GMT-08:00" name="setup" finished-at="2025-12-18T06:00:57 GMT-08:00" duration-ms="9499" status="PASS">
          <params>
            <param index="0">
              <value>
                <![CDATA[Chrome]]>
              </value>
            </param>
          </params>
          <reporter-output>
          </reporter-output>
        </test-method> <!-- setup -->
        <test-method signature="verifyLogin(java.lang.String,java.lang.String,java.lang.String)[pri:1, instance:com.automation.test.LoginTest@49e53c76]" started-at="2025-12-18T06:00:57 GMT-08:00" name="verifyLogin" data-provider="loginData" finished-at="2025-12-18T06:01:04 GMT-08:00" duration-ms="7598" status="PASS">
          <params>
            <param index="0">
              <value>
                <![CDATA["sawantomkar173@gmail.com]]>
              </value>
            </param>
            <param index="1">
              <value>
                <![CDATA[Bruno@123]]>
              </value>
            </param>
            <param index="2">
              <value>
                <![CDATA[Success"]]>
              </value>
            </param>
          </params>
          <reporter-output>
          </reporter-output>
        </test-method> <!-- verifyLogin -->
        <test-method is-config="true" signature="teardown()[pri:0, instance:com.automation.test.LoginTest@49e53c76]" started-at="2025-12-18T06:01:04 GMT-08:00" name="teardown" finished-at="2025-12-18T06:01:05 GMT-08:00" duration-ms="395" status="PASS">
          <reporter-output>
          </reporter-output>
        </test-method> <!-- teardown -->
        <test-method is-config="true" signature="setup(java.lang.String)[pri:0, instance:com.automation.test.LoginTest@49e53c76]" started-at="2025-12-18T06:01:05 GMT-08:00" name="setup" finished-at="2025-12-18T06:01:11 GMT-08:00" duration-ms="6497" status="PASS">
          <params>
            <param index="0">
              <value>
                <![CDATA[Chrome]]>
              </value>
            </param>
          </params>
          <reporter-output>
          </reporter-output>
        </test-method> <!-- setup -->
        <test-method signature="verifyLogin(java.lang.String,java.lang.String,java.lang.String)[pri:1, instance:com.automation.test.LoginTest@49e53c76]" started-at="2025-12-18T06:01:11 GMT-08:00" name="verifyLogin" data-provider="loginData" finished-at="2025-12-18T06:01:28 GMT-08:00" duration-ms="17240" status="PASS">
          <params>
            <param index="0">
              <value>
                <![CDATA["invalid@email.com]]>
              </value>
            </param>
            <param index="1">
              <value>
                <![CDATA[wrongpass]]>
              </value>
            </param>
            <param index="2">
              <value>
                <![CDATA[Failure"]]>
              </value>
            </param>
          </params>
          <reporter-output>
          </reporter-output>
        </test-method> <!-- verifyLogin -->
        <test-method is-config="true" signature="teardown()[pri:0, instance:com.automation.test.LoginTest@49e53c76]" started-at="2025-12-18T06:01:29 GMT-08:00" name="teardown" finished-at="2025-12-18T06:01:29 GMT-08:00" duration-ms="365" status="PASS">
          <reporter-output>
          </reporter-output>
        </test-method> <!-- teardown -->
        <test-method is-config="true" signature="setup(java.lang.String)[pri:0, instance:com.automation.test.LoginTest@49e53c76]" started-at="2025-12-18T06:01:29 GMT-08:00" name="setup" finished-at="2025-12-18T06:01:36 GMT-08:00" duration-ms="6736" status="PASS">
          <params>
            <param index="0">
              <value>
                <![CDATA[Chrome]]>
              </value>
            </param>
          </params>
          <reporter-output>
          </reporter-output>
        </test-method> <!-- setup -->
        <test-method signature="verifyLogin(java.lang.String,java.lang.String,java.lang.String)[pri:1, instance:com.automation.test.LoginTest@49e53c76]" started-at="2025-12-18T06:01:36 GMT-08:00" name="verifyLogin" data-provider="loginData" finished-at="2025-12-18T06:01:53 GMT-08:00" duration-ms="17397" status="PASS">
          <params>
            <param index="0">
              <value>
                <![CDATA["user2@test.com]]>
              </value>
            </param>
            <param index="1">
              <value>
                <![CDATA[password]]>
              </value>
            </param>
            <param index="2">
              <value>
                <![CDATA[Failure"]]>
              </value>
            </param>
          </params>
          <reporter-output>
          </reporter-output>
        </test-method> <!-- verifyLogin -->
        <test-method is-config="true" signature="teardown()[pri:0, instance:com.automation.test.LoginTest@49e53c76]" started-at="2025-12-18T06:01:53 GMT-08:00" name="teardown" finished-at="2025-12-18T06:01:53 GMT-08:00" duration-ms="368" status="PASS">
          <reporter-output>
          </reporter-output>
        </test-method> <!-- teardown -->
      </class> <!-- com.automation.test.LoginTest -->
      <class name="com.automation.test.FirstTest">
        <test-method signature="verifyTestNGisWorking()[pri:0, instance:com.automation.test.FirstTest@2b71e916]" started-at="2025-12-18T06:02:09 GMT-08:00" name="verifyTestNGisWorking" finished-at="2025-12-18T06:02:09 GMT-08:00" duration-ms="5" status="PASS">
          <reporter-output>
          </reporter-output>
        </test-method> <!-- verifyTestNGisWorking -->
      </class> <!-- com.automation.test.FirstTest -->
      <class name="com.automation.test.JobSearchTest">
        <test-method is-config="true" signature="setup(java.lang.String)[pri:0, instance:com.automation.test.JobSearchTest@411f53a0]" started-at="2025-12-18T06:01:53 GMT-08:00" name="setup" finished-at="2025-12-18T06:02:00 GMT-08:00" duration-ms="6431" status="PASS">
          <params>
            <param index="0">
              <value>
                <![CDATA[Chrome]]>
              </value>
            </param>
          </params>
          <reporter-output>
          </reporter-output>
        </test-method> <!-- setup -->
        <test-method signature="verifyAdvancedSearchForQAInPune()[pri:1, instance:com.automation.test.JobSearchTest@411f53a0]" started-at="2025-12-18T06:02:00 GMT-08:00" name="verifyAdvancedSearchForQAInPune" finished-at="2025-12-18T06:02:08 GMT-08:00" duration-ms="8507" status="PASS">
          <reporter-output>
          </reporter-output>
        </test-method> <!-- verifyAdvancedSearchForQAInPune -->
        <test-method is-config="true" signature="teardown()[pri:0, instance:com.automation.test.JobSearchTest@411f53a0]" started-at="2025-12-18T06:02:08 GMT-08:00" name="teardown" finished-at="2025-12-18T06:02:09 GMT-08:00" duration-ms="460" status="PASS">
          <reporter-output>
          </reporter-output>
        </test-method> <!-- teardown -->
      </class> <!-- com.automation.test.JobSearchTest -->
    </test> <!-- Login Functionality Tests -->
  </suite> <!-- Naukri DDT Suite -->
</testng-results>
