<?xml version="1.0" encoding="UTF-8"?>
<testng-results retried="2" ignored="2" total="8" passed="4" failed="0" skipped="0">
  <reporter-output>
  </reporter-output>
  <suite started-at="2025-12-26T05:06:09 GMT-08:00" name="Naukri DDT Suite" finished-at="2025-12-26T05:08:12 GMT-08:00" duration-ms="123349">
    <groups>
    </groups>
    <test started-at="2025-12-26T05:06:09 GMT-08:00" name="Login Functionality Tests" finished-at="2025-12-26T05:08:12 GMT-08:00" duration-ms="123349">
      <class name="com.automation.test.LoginTest">
        <test-method is-config="true" signature="setup()[pri:0, instance:com.automation.test.LoginTest@799f10e1]" started-at="2025-12-26T05:06:09 GMT-08:00" name="setup" finished-at="2025-12-26T05:06:23 GMT-08:00" duration-ms="13691" status="PASS">
          <reporter-output>
          </reporter-output>
        </test-method> <!-- setup -->
        <test-method retried="true" signature="verifyLogin(java.lang.String,java.lang.String,java.lang.String)[pri:1, instance:com.automation.test.LoginTest@799f10e1]" started-at="2025-12-26T05:06:23 GMT-08:00" name="verifyLogin" data-provider="loginData" finished-at="2025-12-26T05:06:30 GMT-08:00" duration-ms="6948" status="SKIP">
          <params>
            <param index="0">
              <value>
                <![CDATA["sawantomkar173@gmail.com]]>
              </value>
            </param>
            <param index="1">
              <value>
                <![CDATA[Bruno@123]]>
              </value>
            </param>
            <param index="2">
              <value>
                <![CDATA[Success"]]>
              </value>
            </param>
          </params>
          <exception class="org.openqa.selenium.ElementClickInterceptedException">
            <message>
              <![CDATA[element click intercepted: Element <img alt="naukri user profile img" class="nI-gNb-icon-img" src="https://media.naukri.com/media/jphotov1/l244%253ALukcMTmy2wURE7G0UAgEb5gwx3Qjac88g1t73KSoc8ZzDswSoEbk%252FpNgdplw"> is not clickable at point (1473, 37). Other element would receive the click: <div class="chatbot_Nav" id="_o8tq9mzydNavbar">...</div>
  (Session info: chrome=143.0.7499.169)
Build info: version: '4.16.1', revision: '9b4c83354e'
System info: os.name: 'Windows 10', os.arch: 'amd64', os.version: '10.0', java.version: '21.0.9'
Driver info: org.openqa.selenium.chrome.ChromeDriver
Command: [f6458e478a30490f421ad35d70447c07, clickElement {id=f.74C1A178D526E5C2D7BA75DBD28A99A4.d.FE3E88E3C29C3F36F33A7750F27C1524.e.231}]
Capabilities {acceptInsecureCerts: false, browserName: chrome, browserVersion: 143.0.7499.169, chrome: {chromedriverVersion: 143.0.7499.169 (164b20aab62..., userDataDir: C:\Users\Shree\AppData\Loca...}, fedcm:accounts: true, goog:chromeOptions: {debuggerAddress: localhost:64735}, goog:processID: 15620, networkConnectionEnabled: false, pageLoadStrategy: normal, platformName: windows, proxy: Proxy(), se:cdp: ws://localhost:64735/devtoo..., se:cdpVersion: 143.0.7499.169, setWindowRect: true, strictFileInteractability: false, timeouts: {implicit: 0, pageLoad: 300000, script: 30000}, unhandledPromptBehavior: dismiss and notify, webauthn:extension:credBlob: true, webauthn:extension:largeBlob: true, webauthn:extension:minPinLength: true, webauthn:extension:prf: true, webauthn:virtualAuthenticators: true}
Element: [[ChromeDriver: chrome on windows (f6458e478a30490f421ad35d70447c07)] -> class name: nI-gNb-icon-img]
Session ID: f6458e478a30490f421ad35d70447c07]]>
            </message>
            <full-stacktrace>
              <![CDATA[org.openqa.selenium.ElementClickInterceptedException: element click intercepted: Element <img alt="naukri user profile img" class="nI-gNb-icon-img" src="https://media.naukri.com/media/jphotov1/l244%253ALukcMTmy2wURE7G0UAgEb5gwx3Qjac88g1t73KSoc8ZzDswSoEbk%252FpNgdplw"> is not clickable at point (1473, 37). Other element would receive the click: <div class="chatbot_Nav" id="_o8tq9mzydNavbar">...</div>
  (Session info: chrome=143.0.7499.169)
Build info: version: '4.16.1', revision: '9b4c83354e'
System info: os.name: 'Windows 10', os.arch: 'amd64', os.version: '10.0', java.version: '21.0.9'
Driver info: org.openqa.selenium.chrome.ChromeDriver
Command: [f6458e478a30490f421ad35d70447c07, clickElement {id=f.74C1A178D526E5C2D7BA75DBD28A99A4.d.FE3E88E3C29C3F36F33A7750F27C1524.e.231}]
Capabilities {acceptInsecureCerts: false, browserName: chrome, browserVersion: 143.0.7499.169, chrome: {chromedriverVersion: 143.0.7499.169 (164b20aab62..., userDataDir: C:\Users\Shree\AppData\Loca...}, fedcm:accounts: true, goog:chromeOptions: {debuggerAddress: localhost:64735}, goog:processID: 15620, networkConnectionEnabled: false, pageLoadStrategy: normal, platformName: windows, proxy: Proxy(), se:cdp: ws://localhost:64735/devtoo..., se:cdpVersion: 143.0.7499.169, setWindowRect: true, strictFileInteractability: false, timeouts: {implicit: 0, pageLoad: 300000, script: 30000}, unhandledPromptBehavior: dismiss and notify, webauthn:extension:credBlob: true, webauthn:extension:largeBlob: true, webauthn:extension:minPinLength: true, webauthn:extension:prf: true, webauthn:virtualAuthenticators: true}
Element: [[ChromeDriver: chrome on windows (f6458e478a30490f421ad35d70447c07)] -> class name: nI-gNb-icon-img]
Session ID: f6458e478a30490f421ad35d70447c07
at java.base/jdk.internal.reflect.DirectConstructorHandleAccessor.newInstance(DirectConstructorHandleAccessor.java:62)
at java.base/java.lang.reflect.Constructor.newInstanceWithCaller(Constructor.java:502)
at java.base/java.lang.reflect.Constructor.newInstance(Constructor.java:486)
at org.openqa.selenium.remote.codec.w3c.W3CHttpResponseCodec.createException(W3CHttpResponseCodec.java:200)
at org.openqa.selenium.remote.codec.w3c.W3CHttpResponseCodec.decode(W3CHttpResponseCodec.java:133)
at org.openqa.selenium.remote.codec.w3c.W3CHttpResponseCodec.decode(W3CHttpResponseCodec.java:52)
at org.openqa.selenium.remote.HttpCommandExecutor.execute(HttpCommandExecutor.java:191)
at org.openqa.selenium.remote.service.DriverCommandExecutor.invokeExecute(DriverCommandExecutor.java:200)
at org.openqa.selenium.remote.service.DriverCommandExecutor.execute(DriverCommandExecutor.java:175)
at org.openqa.selenium.remote.RemoteWebDriver.execute(RemoteWebDriver.java:523)
at org.openqa.selenium.remote.RemoteWebElement.execute(RemoteWebElement.java:224)
at org.openqa.selenium.remote.RemoteWebElement.click(RemoteWebElement.java:77)
at com.automation.pages.NaukriLoginPage.logout(NaukriLoginPage.java:70)
at com.automation.test.LoginTest.verifyLogin(LoginTest.java:34)
at java.base/jdk.internal.reflect.DirectMethodHandleAccessor.invoke(DirectMethodHandleAccessor.java:103)
at java.base/java.lang.reflect.Method.invoke(Method.java:580)
at org.testng.internal.invokers.MethodInvocationHelper.invokeMethod(MethodInvocationHelper.java:139)
at org.testng.internal.invokers.TestInvoker.invokeMethod(TestInvoker.java:664)
at org.testng.internal.invokers.TestInvoker.invokeTestMethod(TestInvoker.java:227)
at org.testng.internal.invokers.MethodRunner.runInSequence(MethodRunner.java:50)
at org.testng.internal.invokers.TestInvoker$MethodInvocationAgent.invoke(TestInvoker.java:957)
at org.testng.internal.invokers.TestInvoker.invokeTestMethods(TestInvoker.java:200)
at org.testng.internal.invokers.TestMethodWorker.invokeTestMethods(TestMethodWorker.java:148)
at org.testng.internal.invokers.TestMethodWorker.run(TestMethodWorker.java:128)
at java.base/java.util.ArrayList.forEach(ArrayList.java:1596)
at org.testng.TestRunner.privateRun(TestRunner.java:848)
at org.testng.TestRunner.run(TestRunner.java:621)
at org.testng.SuiteRunner.runTest(SuiteRunner.java:443)
at org.testng.SuiteRunner.runSequentially(SuiteRunner.java:437)
at org.testng.SuiteRunner.privateRun(SuiteRunner.java:397)
at org.testng.SuiteRunner.run(SuiteRunner.java:336)
at org.testng.SuiteRunnerWorker.runSuite(SuiteRunnerWorker.java:52)
at org.testng.SuiteRunnerWorker.run(SuiteRunnerWorker.java:95)
at org.testng.TestNG.runSuitesSequentially(TestNG.java:1280)
at org.testng.TestNG.runSuitesLocally(TestNG.java:1200)
at org.testng.TestNG.runSuites(TestNG.java:1114)
at org.testng.TestNG.run(TestNG.java:1082)
at org.testng.remote.AbstractRemoteTestNG.run(AbstractRemoteTestNG.java:115)
at org.testng.remote.RemoteTestNG.initAndRun(RemoteTestNG.java:293)
at org.testng.remote.RemoteTestNG.main(RemoteTestNG.java:91)
]]>
            </full-stacktrace>
          </exception> <!-- org.openqa.selenium.ElementClickInterceptedException -->
          <reporter-output>
          </reporter-output>
        </test-method> <!-- verifyLogin -->
        <test-method is-config="true" signature="tearDown(org.testng.ITestResult)[pri:0, instance:com.automation.test.LoginTest@799f10e1]" started-at="2025-12-26T05:06:30 GMT-08:00" name="tearDown" finished-at="2025-12-26T05:06:30 GMT-08:00" duration-ms="290" status="PASS">
          <params>
            <param index="0">
              <value>
                <![CDATA[[TestResult name=verifyLogin status=SKIP method=LoginTest.verifyLogin(java.lang.String,java.lang.String,java.lang.String)[pri:1, instance:com.automation.test.LoginTest@799f10e1] output={null}]]]>
              </value>
            </param>
          </params>
          <reporter-output>
          </reporter-output>
        </test-method> <!-- tearDown -->
        <test-method is-config="true" signature="setup()[pri:0, instance:com.automation.test.LoginTest@799f10e1]" started-at="2025-12-26T05:06:30 GMT-08:00" name="setup" finished-at="2025-12-26T05:06:37 GMT-08:00" duration-ms="7404" status="PASS">
          <reporter-output>
          </reporter-output>
        </test-method> <!-- setup -->
        <test-method signature="verifyLogin(java.lang.String,java.lang.String,java.lang.String)[pri:1, instance:com.automation.test.LoginTest@799f10e1]" started-at="2025-12-26T05:06:37 GMT-08:00" name="verifyLogin" data-provider="loginData" finished-at="2025-12-26T05:06:44 GMT-08:00" duration-ms="7157" status="PASS">
          <params>
            <param index="0">
              <value>
                <![CDATA["sawantomkar173@gmail.com]]>
              </value>
            </param>
            <param index="1">
              <value>
                <![CDATA[Bruno@123]]>
              </value>
            </param>
            <param index="2">
              <value>
                <![CDATA[Success"]]>
              </value>
            </param>
          </params>
          <reporter-output>
          </reporter-output>
        </test-method> <!-- verifyLogin -->
        <test-method is-config="true" signature="tearDown(org.testng.ITestResult)[pri:0, instance:com.automation.test.LoginTest@799f10e1]" started-at="2025-12-26T05:06:44 GMT-08:00" name="tearDown" finished-at="2025-12-26T05:06:45 GMT-08:00" duration-ms="248" status="PASS">
          <params>
            <param index="0">
              <value>
                <![CDATA[[TestResult name=verifyLogin status=SUCCESS method=LoginTest.verifyLogin(java.lang.String,java.lang.String,java.lang.String)[pri:1, instance:com.automation.test.LoginTest@799f10e1] output={null}]]]>
              </value>
            </param>
          </params>
          <reporter-output>
          </reporter-output>
        </test-method> <!-- tearDown -->
        <test-method is-config="true" signature="setup()[pri:0, instance:com.automation.test.LoginTest@799f10e1]" started-at="2025-12-26T05:06:45 GMT-08:00" name="setup" finished-at="2025-12-26T05:06:52 GMT-08:00" duration-ms="7193" status="PASS">
          <reporter-output>
          </reporter-output>
        </test-method> <!-- setup -->
        <test-method signature="verifyLogin(java.lang.String,java.lang.String,java.lang.String)[pri:1, instance:com.automation.test.LoginTest@799f10e1]" started-at="2025-12-26T05:06:52 GMT-08:00" name="verifyLogin" data-provider="loginData" finished-at="2025-12-26T05:07:09 GMT-08:00" duration-ms="17374" status="PASS">
          <params>
            <param index="0">
              <value>
                <![CDATA["invalid@email.com]]>
              </value>
            </param>
            <param index="1">
              <value>
                <![CDATA[wrongpass]]>
              </value>
            </param>
            <param index="2">
              <value>
                <![CDATA[Failure"]]>
              </value>
            </param>
          </params>
          <reporter-output>
          </reporter-output>
        </test-method> <!-- verifyLogin -->
        <test-method is-config="true" signature="tearDown(org.testng.ITestResult)[pri:0, instance:com.automation.test.LoginTest@799f10e1]" started-at="2025-12-26T05:07:09 GMT-08:00" name="tearDown" finished-at="2025-12-26T05:07:10 GMT-08:00" duration-ms="262" status="PASS">
          <params>
            <param index="0">
              <value>
                <![CDATA[[TestResult name=verifyLogin status=SUCCESS method=LoginTest.verifyLogin(java.lang.String,java.lang.String,java.lang.String)[pri:1, instance:com.automation.test.LoginTest@799f10e1] output={null}]]]>
              </value>
            </param>
          </params>
          <reporter-output>
          </reporter-output>
        </test-method> <!-- tearDown -->
        <test-method is-config="true" signature="setup()[pri:0, instance:com.automation.test.LoginTest@799f10e1]" started-at="2025-12-26T05:07:10 GMT-08:00" name="setup" finished-at="2025-12-26T05:07:16 GMT-08:00" duration-ms="6760" status="PASS">
          <reporter-output>
          </reporter-output>
        </test-method> <!-- setup -->
        <test-method retried="true" signature="verifyLogin(java.lang.String,java.lang.String,java.lang.String)[pri:1, instance:com.automation.test.LoginTest@799f10e1]" started-at="2025-12-26T05:07:16 GMT-08:00" name="verifyLogin" data-provider="loginData" finished-at="2025-12-26T05:07:31 GMT-08:00" duration-ms="15132" status="SKIP">
          <params>
            <param index="0">
              <value>
                <![CDATA["user2@test.com]]>
              </value>
            </param>
            <param index="1">
              <value>
                <![CDATA[password]]>
              </value>
            </param>
            <param index="2">
              <value>
                <![CDATA[Failure"]]>
              </value>
            </param>
          </params>
          <exception class="org.openqa.selenium.TimeoutException">
            <message>
              <![CDATA[Expected condition failed: waiting for element to be clickable: By.xpath: //a[@id='login_Layer'] (tried for 15 second(s) with 500 milliseconds interval)
Build info: version: '4.16.1', revision: '9b4c83354e'
System info: os.name: 'Windows 10', os.arch: 'amd64', os.version: '10.0', java.version: '21.0.9'
Driver info: org.openqa.selenium.chrome.ChromeDriver
Capabilities {acceptInsecureCerts: false, browserName: chrome, browserVersion: 143.0.7499.169, chrome: {chromedriverVersion: 143.0.7499.169 (164b20aab62..., userDataDir: C:\Users\Shree\AppData\Loca...}, fedcm:accounts: true, goog:chromeOptions: {debuggerAddress: localhost:64873}, goog:processID: 14628, networkConnectionEnabled: false, pageLoadStrategy: normal, platformName: windows, proxy: Proxy(), se:cdp: ws://localhost:64873/devtoo..., se:cdpVersion: 143.0.7499.169, setWindowRect: true, strictFileInteractability: false, timeouts: {implicit: 0, pageLoad: 300000, script: 30000}, unhandledPromptBehavior: dismiss and notify, webauthn:extension:credBlob: true, webauthn:extension:largeBlob: true, webauthn:extension:minPinLength: true, webauthn:extension:prf: true, webauthn:virtualAuthenticators: true}
Session ID: 0713ba15e10e1a9b2b5ea749de49a76a]]>
            </message>
            <full-stacktrace>
              <![CDATA[org.openqa.selenium.TimeoutException: Expected condition failed: waiting for element to be clickable: By.xpath: //a[@id='login_Layer'] (tried for 15 second(s) with 500 milliseconds interval)
Build info: version: '4.16.1', revision: '9b4c83354e'
System info: os.name: 'Windows 10', os.arch: 'amd64', os.version: '10.0', java.version: '21.0.9'
Driver info: org.openqa.selenium.chrome.ChromeDriver
Capabilities {acceptInsecureCerts: false, browserName: chrome, browserVersion: 143.0.7499.169, chrome: {chromedriverVersion: 143.0.7499.169 (164b20aab62..., userDataDir: C:\Users\Shree\AppData\Loca...}, fedcm:accounts: true, goog:chromeOptions: {debuggerAddress: localhost:64873}, goog:processID: 14628, networkConnectionEnabled: false, pageLoadStrategy: normal, platformName: windows, proxy: Proxy(), se:cdp: ws://localhost:64873/devtoo..., se:cdpVersion: 143.0.7499.169, setWindowRect: true, strictFileInteractability: false, timeouts: {implicit: 0, pageLoad: 300000, script: 30000}, unhandledPromptBehavior: dismiss and notify, webauthn:extension:credBlob: true, webauthn:extension:largeBlob: true, webauthn:extension:minPinLength: true, webauthn:extension:prf: true, webauthn:virtualAuthenticators: true}
Session ID: 0713ba15e10e1a9b2b5ea749de49a76a
at org.openqa.selenium.support.ui.WebDriverWait.timeoutException(WebDriverWait.java:84)
at org.openqa.selenium.support.ui.FluentWait.until(FluentWait.java:229)
at com.automation.pages.NaukriLoginPage.clickLoginLayer(NaukriLoginPage.java:37)
at com.automation.test.LoginTest.verifyLogin(LoginTest.java:27)
at java.base/jdk.internal.reflect.DirectMethodHandleAccessor.invoke(DirectMethodHandleAccessor.java:103)
at java.base/java.lang.reflect.Method.invoke(Method.java:580)
at org.testng.internal.invokers.MethodInvocationHelper.invokeMethod(MethodInvocationHelper.java:139)
at org.testng.internal.invokers.TestInvoker.invokeMethod(TestInvoker.java:664)
at org.testng.internal.invokers.TestInvoker.invokeTestMethod(TestInvoker.java:227)
at org.testng.internal.invokers.MethodRunner.runInSequence(MethodRunner.java:50)
at org.testng.internal.invokers.TestInvoker$MethodInvocationAgent.invoke(TestInvoker.java:957)
at org.testng.internal.invokers.TestInvoker.invokeTestMethods(TestInvoker.java:200)
at org.testng.internal.invokers.TestMethodWorker.invokeTestMethods(TestMethodWorker.java:148)
at org.testng.internal.invokers.TestMethodWorker.run(TestMethodWorker.java:128)
at java.base/java.util.ArrayList.forEach(ArrayList.java:1596)
at org.testng.TestRunner.privateRun(TestRunner.java:848)
at org.testng.TestRunner.run(TestRunner.java:621)
at org.testng.SuiteRunner.runTest(SuiteRunner.java:443)
at org.testng.SuiteRunner.runSequentially(SuiteRunner.java:437)
at org.testng.SuiteRunner.privateRun(SuiteRunner.java:397)
at org.testng.SuiteRunner.run(SuiteRunner.java:336)
at org.testng.SuiteRunnerWorker.runSuite(SuiteRunnerWorker.java:52)
at org.testng.SuiteRunnerWorker.run(SuiteRunnerWorker.java:95)
at org.testng.TestNG.runSuitesSequentially(TestNG.java:1280)
at org.testng.TestNG.runSuitesLocally(TestNG.java:1200)
at org.testng.TestNG.runSuites(TestNG.java:1114)
at org.testng.TestNG.run(TestNG.java:1082)
at org.testng.remote.AbstractRemoteTestNG.run(AbstractRemoteTestNG.java:115)
at org.testng.remote.RemoteTestNG.initAndRun(RemoteTestNG.java:293)
at org.testng.remote.RemoteTestNG.main(RemoteTestNG.java:91)
]]>
            </full-stacktrace>
          </exception> <!-- org.openqa.selenium.TimeoutException -->
          <reporter-output>
          </reporter-output>
        </test-method> <!-- verifyLogin -->
        <test-method is-config="true" signature="tearDown(org.testng.ITestResult)[pri:0, instance:com.automation.test.LoginTest@799f10e1]" started-at="2025-12-26T05:07:31 GMT-08:00" name="tearDown" finished-at="2025-12-26T05:07:32 GMT-08:00" duration-ms="246" status="PASS">
          <params>
            <param index="0">
              <value>
                <![CDATA[[TestResult name=verifyLogin status=SKIP method=LoginTest.verifyLogin(java.lang.String,java.lang.String,java.lang.String)[pri:1, instance:com.automation.test.LoginTest@799f10e1] output={null}]]]>
              </value>
            </param>
          </params>
          <reporter-output>
          </reporter-output>
        </test-method> <!-- tearDown -->
        <test-method is-config="true" signature="setup()[pri:0, instance:com.automation.test.LoginTest@799f10e1]" started-at="2025-12-26T05:07:32 GMT-08:00" name="setup" finished-at="2025-12-26T05:07:39 GMT-08:00" duration-ms="6781" status="PASS">
          <reporter-output>
          </reporter-output>
        </test-method> <!-- setup -->
        <test-method signature="verifyLogin(java.lang.String,java.lang.String,java.lang.String)[pri:1, instance:com.automation.test.LoginTest@799f10e1]" started-at="2025-12-26T05:07:39 GMT-08:00" name="verifyLogin" data-provider="loginData" finished-at="2025-12-26T05:07:56 GMT-08:00" duration-ms="17380" status="PASS">
          <params>
            <param index="0">
              <value>
                <![CDATA["user2@test.com]]>
              </value>
            </param>
            <param index="1">
              <value>
                <![CDATA[password]]>
              </value>
            </param>
            <param index="2">
              <value>
                <![CDATA[Failure"]]>
              </value>
            </param>
          </params>
          <reporter-output>
          </reporter-output>
        </test-method> <!-- verifyLogin -->
        <test-method is-config="true" signature="tearDown(org.testng.ITestResult)[pri:0, instance:com.automation.test.LoginTest@799f10e1]" started-at="2025-12-26T05:07:56 GMT-08:00" name="tearDown" finished-at="2025-12-26T05:07:56 GMT-08:00" duration-ms="261" status="PASS">
          <params>
            <param index="0">
              <value>
                <![CDATA[[TestResult name=verifyLogin status=SUCCESS method=LoginTest.verifyLogin(java.lang.String,java.lang.String,java.lang.String)[pri:1, instance:com.automation.test.LoginTest@799f10e1] output={null}]]]>
              </value>
            </param>
          </params>
          <reporter-output>
          </reporter-output>
        </test-method> <!-- tearDown -->
      </class> <!-- com.automation.test.LoginTest -->
      <class name="com.automation.test.JobSearchTest">
        <test-method is-config="true" signature="setup()[pri:0, instance:com.automation.test.JobSearchTest@4afcd809]" started-at="2025-12-26T05:07:56 GMT-08:00" name="setup" finished-at="2025-12-26T05:08:03 GMT-08:00" duration-ms="6439" status="PASS">
          <reporter-output>
          </reporter-output>
        </test-method> <!-- setup -->
        <test-method signature="verifyAdvancedSearchForQAInPune()[pri:1, instance:com.automation.test.JobSearchTest@4afcd809]" started-at="2025-12-26T05:08:03 GMT-08:00" name="verifyAdvancedSearchForQAInPune" finished-at="2025-12-26T05:08:12 GMT-08:00" duration-ms="9362" status="PASS">
          <reporter-output>
          </reporter-output>
        </test-method> <!-- verifyAdvancedSearchForQAInPune -->
        <test-method is-config="true" signature="tearDown(org.testng.ITestResult)[pri:0, instance:com.automation.test.JobSearchTest@4afcd809]" started-at="2025-12-26T05:08:12 GMT-08:00" name="tearDown" finished-at="2025-12-26T05:08:12 GMT-08:00" duration-ms="279" status="PASS">
          <params>
            <param index="0">
              <value>
                <![CDATA[[TestResult name=verifyAdvancedSearchForQAInPune status=SUCCESS method=JobSearchTest.verifyAdvancedSearchForQAInPune()[pri:1, instance:com.automation.test.JobSearchTest@4afcd809] output={null}]]]>
              </value>
            </param>
          </params>
          <reporter-output>
          </reporter-output>
        </test-method> <!-- tearDown -->
      </class> <!-- com.automation.test.JobSearchTest -->
    </test> <!-- Login Functionality Tests -->
  </suite> <!-- Naukri DDT Suite -->
</testng-results>
