<?xml version="1.0" encoding="UTF-8"?>
<testng-results ignored="0" total="5" passed="5" failed="0" skipped="0">
  <reporter-output>
  </reporter-output>
  <suite started-at="2025-12-21T03:49:05 GMT-08:00" name="Naukri DDT Suite" finished-at="2025-12-21T03:50:21 GMT-08:00" duration-ms="75979">
    <groups>
    </groups>
    <test started-at="2025-12-21T03:49:05 GMT-08:00" name="Login Functionality Tests" finished-at="2025-12-21T03:50:21 GMT-08:00" duration-ms="75979">
      <class name="com.automation.test.LoginTest">
        <test-method is-config="true" signature="setup()[pri:0, instance:com.automation.test.LoginTest@2a65fe7c]" started-at="2025-12-21T03:49:05 GMT-08:00" name="setup" finished-at="2025-12-21T03:49:14 GMT-08:00" duration-ms="8999" status="PASS">
          <reporter-output>
          </reporter-output>
        </test-method> <!-- setup -->
        <test-method signature="verifyLogin(java.lang.String,java.lang.String,java.lang.String)[pri:1, instance:com.automation.test.LoginTest@2a65fe7c]" started-at="2025-12-21T03:49:14 GMT-08:00" name="verifyLogin" data-provider="loginData" finished-at="2025-12-21T03:49:22 GMT-08:00" duration-ms="7732" status="PASS">
          <params>
            <param index="0">
              <value>
                <![CDATA["sawantomkar173@gmail.com]]>
              </value>
            </param>
            <param index="1">
              <value>
                <![CDATA[Bruno@123]]>
              </value>
            </param>
            <param index="2">
              <value>
                <![CDATA[Success"]]>
              </value>
            </param>
          </params>
          <reporter-output>
          </reporter-output>
        </test-method> <!-- verifyLogin -->
        <test-method is-config="true" signature="tearDown(org.testng.ITestResult)[pri:0, instance:com.automation.test.LoginTest@2a65fe7c]" started-at="2025-12-21T03:49:22 GMT-08:00" name="tearDown" finished-at="2025-12-21T03:49:22 GMT-08:00" duration-ms="324" status="PASS">
          <params>
            <param index="0">
              <value>
                <![CDATA[[TestResult name=verifyLogin status=SUCCESS method=LoginTest.verifyLogin(java.lang.String,java.lang.String,java.lang.String)[pri:1, instance:com.automation.test.LoginTest@2a65fe7c] output={null}]]]>
              </value>
            </param>
          </params>
          <reporter-output>
          </reporter-output>
        </test-method> <!-- tearDown -->
        <test-method is-config="true" signature="setup()[pri:0, instance:com.automation.test.LoginTest@2a65fe7c]" started-at="2025-12-21T03:49:22 GMT-08:00" name="setup" finished-at="2025-12-21T03:49:27 GMT-08:00" duration-ms="5373" status="PASS">
          <reporter-output>
          </reporter-output>
        </test-method> <!-- setup -->
        <test-method signature="verifyLogin(java.lang.String,java.lang.String,java.lang.String)[pri:1, instance:com.automation.test.LoginTest@2a65fe7c]" started-at="2025-12-21T03:49:27 GMT-08:00" name="verifyLogin" data-provider="loginData" finished-at="2025-12-21T03:49:44 GMT-08:00" duration-ms="16936" status="PASS">
          <params>
            <param index="0">
              <value>
                <![CDATA["invalid@email.com]]>
              </value>
            </param>
            <param index="1">
              <value>
                <![CDATA[wrongpass]]>
              </value>
            </param>
            <param index="2">
              <value>
                <![CDATA[Failure"]]>
              </value>
            </param>
          </params>
          <reporter-output>
          </reporter-output>
        </test-method> <!-- verifyLogin -->
        <test-method is-config="true" signature="tearDown(org.testng.ITestResult)[pri:0, instance:com.automation.test.LoginTest@2a65fe7c]" started-at="2025-12-21T03:49:44 GMT-08:00" name="tearDown" finished-at="2025-12-21T03:49:45 GMT-08:00" duration-ms="248" status="PASS">
          <params>
            <param index="0">
              <value>
                <![CDATA[[TestResult name=verifyLogin status=SUCCESS method=LoginTest.verifyLogin(java.lang.String,java.lang.String,java.lang.String)[pri:1, instance:com.automation.test.LoginTest@2a65fe7c] output={null}]]]>
              </value>
            </param>
          </params>
          <reporter-output>
          </reporter-output>
        </test-method> <!-- tearDown -->
        <test-method is-config="true" signature="setup()[pri:0, instance:com.automation.test.LoginTest@2a65fe7c]" started-at="2025-12-21T03:49:45 GMT-08:00" name="setup" finished-at="2025-12-21T03:49:50 GMT-08:00" duration-ms="5250" status="PASS">
          <reporter-output>
          </reporter-output>
        </test-method> <!-- setup -->
        <test-method signature="verifyLogin(java.lang.String,java.lang.String,java.lang.String)[pri:1, instance:com.automation.test.LoginTest@2a65fe7c]" started-at="2025-12-21T03:49:50 GMT-08:00" name="verifyLogin" data-provider="loginData" finished-at="2025-12-21T03:50:07 GMT-08:00" duration-ms="17152" status="PASS">
          <params>
            <param index="0">
              <value>
                <![CDATA["user2@test.com]]>
              </value>
            </param>
            <param index="1">
              <value>
                <![CDATA[password]]>
              </value>
            </param>
            <param index="2">
              <value>
                <![CDATA[Failure"]]>
              </value>
            </param>
          </params>
          <reporter-output>
          </reporter-output>
        </test-method> <!-- verifyLogin -->
        <test-method is-config="true" signature="tearDown(org.testng.ITestResult)[pri:0, instance:com.automation.test.LoginTest@2a65fe7c]" started-at="2025-12-21T03:50:07 GMT-08:00" name="tearDown" finished-at="2025-12-21T03:50:07 GMT-08:00" duration-ms="233" status="PASS">
          <params>
            <param index="0">
              <value>
                <![CDATA[[TestResult name=verifyLogin status=SUCCESS method=LoginTest.verifyLogin(java.lang.String,java.lang.String,java.lang.String)[pri:1, instance:com.automation.test.LoginTest@2a65fe7c] output={null}]]]>
              </value>
            </param>
          </params>
          <reporter-output>
          </reporter-output>
        </test-method> <!-- tearDown -->
      </class> <!-- com.automation.test.LoginTest -->
      <class name="com.automation.test.FirstTest">
        <test-method signature="verifyTestNGisWorking()[pri:0, instance:com.automation.test.FirstTest@75d4a5c2]" started-at="2025-12-21T03:50:21 GMT-08:00" name="verifyTestNGisWorking" finished-at="2025-12-21T03:50:21 GMT-08:00" duration-ms="5" status="PASS">
          <reporter-output>
          </reporter-output>
        </test-method> <!-- verifyTestNGisWorking -->
      </class> <!-- com.automation.test.FirstTest -->
      <class name="com.automation.test.JobSearchTest">
        <test-method is-config="true" signature="setup()[pri:0, instance:com.automation.test.JobSearchTest@7c7a06ec]" started-at="2025-12-21T03:50:07 GMT-08:00" name="setup" finished-at="2025-12-21T03:50:13 GMT-08:00" duration-ms="5334" status="PASS">
          <reporter-output>
          </reporter-output>
        </test-method> <!-- setup -->
        <test-method signature="verifyAdvancedSearchForQAInPune()[pri:1, instance:com.automation.test.JobSearchTest@7c7a06ec]" started-at="2025-12-21T03:50:13 GMT-08:00" name="verifyAdvancedSearchForQAInPune" finished-at="2025-12-21T03:50:21 GMT-08:00" duration-ms="8015" status="PASS">
          <reporter-output>
          </reporter-output>
        </test-method> <!-- verifyAdvancedSearchForQAInPune -->
        <test-method is-config="true" signature="tearDown(org.testng.ITestResult)[pri:0, instance:com.automation.test.JobSearchTest@7c7a06ec]" started-at="2025-12-21T03:50:21 GMT-08:00" name="tearDown" finished-at="2025-12-21T03:50:21 GMT-08:00" duration-ms="275" status="PASS">
          <params>
            <param index="0">
              <value>
                <![CDATA[[TestResult name=verifyAdvancedSearchForQAInPune status=SUCCESS method=JobSearchTest.verifyAdvancedSearchForQAInPune()[pri:1, instance:com.automation.test.JobSearchTest@7c7a06ec] output={null}]]]>
              </value>
            </param>
          </params>
          <reporter-output>
          </reporter-output>
        </test-method> <!-- tearDown -->
      </class> <!-- com.automation.test.JobSearchTest -->
    </test> <!-- Login Functionality Tests -->
  </suite> <!-- Naukri DDT Suite -->
</testng-results>
