<?xml version="1.0" encoding="UTF-8"?>
<testng-results ignored="0" total="6" passed="5" failed="1" skipped="0">
  <reporter-output>
  </reporter-output>
  <suite started-at="2025-12-15T22:01:22 GMT-08:00" name="Naukri_Regression_Suite" finished-at="2025-12-15T22:03:14 GMT-08:00" duration-ms="111415">
    <groups>
    </groups>
    <test started-at="2025-12-15T22:01:22 GMT-08:00" name="Naukri_Functional_Tests" finished-at="2025-12-15T22:03:14 GMT-08:00" duration-ms="111415">
      <class name="com.automation.test.LoginTest">
        <test-method is-config="true" signature="setup(java.lang.String)[pri:0, instance:com.automation.test.LoginTest@351d00c0]" started-at="2025-12-15T22:01:22 GMT-08:00" name="setup" finished-at="2025-12-15T22:01:32 GMT-08:00" duration-ms="9819" status="PASS">
          <params>
            <param index="0">
              <value>
                <![CDATA[Chrome]]>
              </value>
            </param>
          </params>
          <reporter-output>
          </reporter-output>
        </test-method> <!-- setup -->
        <test-method signature="verifyLogoutAndRedirection()[pri:0, instance:com.automation.test.LoginTest@351d00c0]" started-at="2025-12-15T22:01:32 GMT-08:00" name="verifyLogoutAndRedirection" finished-at="2025-12-15T22:01:45 GMT-08:00" duration-ms="13345" status="PASS">
          <reporter-output>
          </reporter-output>
        </test-method> <!-- verifyLogoutAndRedirection -->
        <test-method is-config="true" signature="teardown()[pri:0, instance:com.automation.test.LoginTest@351d00c0]" started-at="2025-12-15T22:01:45 GMT-08:00" name="teardown" finished-at="2025-12-15T22:01:46 GMT-08:00" duration-ms="486" status="PASS">
          <reporter-output>
          </reporter-output>
        </test-method> <!-- teardown -->
        <test-method is-config="true" signature="setup(java.lang.String)[pri:0, instance:com.automation.test.LoginTest@351d00c0]" started-at="2025-12-15T22:01:46 GMT-08:00" name="setup" finished-at="2025-12-15T22:01:53 GMT-08:00" duration-ms="7364" status="PASS">
          <params>
            <param index="0">
              <value>
                <![CDATA[Chrome]]>
              </value>
            </param>
          </params>
          <reporter-output>
          </reporter-output>
        </test-method> <!-- setup -->
        <test-method signature="verifyProfileHeadingIsVisible()[pri:0, instance:com.automation.test.LoginTest@351d00c0]" started-at="2025-12-15T22:01:53 GMT-08:00" name="verifyProfileHeadingIsVisible" finished-at="2025-12-15T22:01:58 GMT-08:00" duration-ms="4542" status="PASS">
          <reporter-output>
          </reporter-output>
        </test-method> <!-- verifyProfileHeadingIsVisible -->
        <test-method is-config="true" signature="teardown()[pri:0, instance:com.automation.test.LoginTest@351d00c0]" started-at="2025-12-15T22:01:58 GMT-08:00" name="teardown" finished-at="2025-12-15T22:01:58 GMT-08:00" duration-ms="375" status="PASS">
          <reporter-output>
          </reporter-output>
        </test-method> <!-- teardown -->
        <test-method is-config="true" signature="setup(java.lang.String)[pri:0, instance:com.automation.test.LoginTest@351d00c0]" started-at="2025-12-15T22:01:58 GMT-08:00" name="setup" finished-at="2025-12-15T22:02:05 GMT-08:00" duration-ms="6421" status="PASS">
          <params>
            <param index="0">
              <value>
                <![CDATA[Chrome]]>
              </value>
            </param>
          </params>
          <reporter-output>
          </reporter-output>
        </test-method> <!-- setup -->
        <test-method signature="verifyProfileLinkClickAndPause()[pri:0, instance:com.automation.test.LoginTest@351d00c0]" started-at="2025-12-15T22:02:05 GMT-08:00" name="verifyProfileLinkClickAndPause" finished-at="2025-12-15T22:02:21 GMT-08:00" duration-ms="15950" status="PASS">
          <reporter-output>
          </reporter-output>
        </test-method> <!-- verifyProfileLinkClickAndPause -->
        <test-method is-config="true" signature="teardown()[pri:0, instance:com.automation.test.LoginTest@351d00c0]" started-at="2025-12-15T22:02:21 GMT-08:00" name="teardown" finished-at="2025-12-15T22:02:21 GMT-08:00" duration-ms="435" status="PASS">
          <reporter-output>
          </reporter-output>
        </test-method> <!-- teardown -->
        <test-method is-config="true" signature="setup(java.lang.String)[pri:0, instance:com.automation.test.LoginTest@351d00c0]" started-at="2025-12-15T22:02:21 GMT-08:00" name="setup" finished-at="2025-12-15T22:02:28 GMT-08:00" duration-ms="7045" status="PASS">
          <params>
            <param index="0">
              <value>
                <![CDATA[Chrome]]>
              </value>
            </param>
          </params>
          <reporter-output>
          </reporter-output>
        </test-method> <!-- setup -->
        <test-method signature="verifySuccessfulLoginDDT(java.lang.String,java.lang.String,java.lang.String)[pri:0, instance:com.automation.test.LoginTest@351d00c0]" started-at="2025-12-15T22:02:28 GMT-08:00" name="verifySuccessfulLoginDDT" data-provider="LoginData" finished-at="2025-12-15T22:02:33 GMT-08:00" duration-ms="5124" status="PASS">
          <params>
            <param index="0">
              <value>
                <![CDATA[sawantomkar173@gmail.com]]>
              </value>
            </param>
            <param index="1">
              <value>
                <![CDATA[Bruno@123]]>
              </value>
            </param>
            <param index="2">
              <value>
                <![CDATA[Omkar Dattatray Sawant]]>
              </value>
            </param>
          </params>
          <reporter-output>
          </reporter-output>
        </test-method> <!-- verifySuccessfulLoginDDT -->
        <test-method is-config="true" signature="teardown()[pri:0, instance:com.automation.test.LoginTest@351d00c0]" started-at="2025-12-15T22:02:33 GMT-08:00" name="teardown" finished-at="2025-12-15T22:02:34 GMT-08:00" duration-ms="390" status="PASS">
          <reporter-output>
          </reporter-output>
        </test-method> <!-- teardown -->
        <test-method is-config="true" signature="setup(java.lang.String)[pri:0, instance:com.automation.test.LoginTest@351d00c0]" started-at="2025-12-15T22:02:34 GMT-08:00" name="setup" finished-at="2025-12-15T22:02:40 GMT-08:00" duration-ms="6161" status="PASS">
          <params>
            <param index="0">
              <value>
                <![CDATA[Chrome]]>
              </value>
            </param>
          </params>
          <reporter-output>
          </reporter-output>
        </test-method> <!-- setup -->
        <test-method signature="verifySuccessfulLoginDDT(java.lang.String,java.lang.String,java.lang.String)[pri:0, instance:com.automation.test.LoginTest@351d00c0]" started-at="2025-12-15T22:02:40 GMT-08:00" name="verifySuccessfulLoginDDT" data-provider="LoginData" finished-at="2025-12-15T22:02:56 GMT-08:00" duration-ms="16625" status="FAIL">
          <params>
            <param index="0">
              <value>
                <![CDATA[invalid@example.com]]>
              </value>
            </param>
            <param index="1">
              <value>
                <![CDATA[wrongpassword]]>
              </value>
            </param>
            <param index="2">
              <value>
                <![CDATA[Expected User Name]]>
              </value>
            </param>
          </params>
          <exception class="org.openqa.selenium.TimeoutException">
            <message>
              <![CDATA[Expected condition failed: waiting for presence of element located by: By.className: nI-gNb-icon-img (tried for 15 second(s) with 500 milliseconds interval)]]>
            </message>
            <full-stacktrace>
              <![CDATA[org.openqa.selenium.TimeoutException: Expected condition failed: waiting for presence of element located by: By.className: nI-gNb-icon-img (tried for 15 second(s) with 500 milliseconds interval)
at org.openqa.selenium.support.ui.WebDriverWait.timeoutException(WebDriverWait.java:84)
at org.openqa.selenium.support.ui.FluentWait.until(FluentWait.java:229)
at com.automation.pages.NaukriLoginPage.login(NaukriLoginPage.java:64)
at com.automation.test.LoginTest.verifySuccessfulLoginDDT(LoginTest.java:41)
at java.base/jdk.internal.reflect.DirectMethodHandleAccessor.invoke(DirectMethodHandleAccessor.java:103)
at java.base/java.lang.reflect.Method.invoke(Method.java:580)
at org.testng.internal.invokers.MethodInvocationHelper.invokeMethod(MethodInvocationHelper.java:139)
at org.testng.internal.invokers.TestInvoker.invokeMethod(TestInvoker.java:664)
at org.testng.internal.invokers.TestInvoker.invokeTestMethod(TestInvoker.java:227)
at org.testng.internal.invokers.MethodRunner.runInSequence(MethodRunner.java:50)
at org.testng.internal.invokers.TestInvoker$MethodInvocationAgent.invoke(TestInvoker.java:957)
at org.testng.internal.invokers.TestInvoker.invokeTestMethods(TestInvoker.java:200)
at org.testng.internal.invokers.TestMethodWorker.invokeTestMethods(TestMethodWorker.java:148)
at org.testng.internal.invokers.TestMethodWorker.run(TestMethodWorker.java:128)
at java.base/java.util.ArrayList.forEach(ArrayList.java:1596)
at org.testng.TestRunner.privateRun(TestRunner.java:848)
at org.testng.TestRunner.run(TestRunner.java:621)
at org.testng.SuiteRunner.runTest(SuiteRunner.java:443)
at org.testng.SuiteRunner.runSequentially(SuiteRunner.java:437)
at org.testng.SuiteRunner.privateRun(SuiteRunner.java:397)
at org.testng.SuiteRunner.run(SuiteRunner.java:336)
at org.testng.SuiteRunnerWorker.runSuite(SuiteRunnerWorker.java:52)
at org.testng.SuiteRunnerWorker.run(SuiteRunnerWorker.java:95)
at org.testng.TestNG.runSuitesSequentially(TestNG.java:1280)
at org.testng.TestNG.runSuitesLocally(TestNG.java:1200)
at org.testng.TestNG.runSuites(TestNG.java:1114)
at org.testng.TestNG.run(TestNG.java:1082)
at org.testng.remote.AbstractRemoteTestNG.run(AbstractRemoteTestNG.java:115)
at org.testng.remote.RemoteTestNG.initAndRun(RemoteTestNG.java:293)
at org.testng.remote.RemoteTestNG.main(RemoteTestNG.java:91)
Caused by: org.openqa.selenium.NoSuchElementException: no such element: Unable to locate element: {"method":"css selector","selector":".nI\-gNb\-icon\-img"}
  (Session info: chrome=143.0.7499.110)
For documentation on this error, please visit: https://www.selenium.dev/documentation/webdriver/troubleshooting/errors#no-such-element-exception
Build info: version: '4.16.1', revision: '9b4c83354e'
System info: os.name: 'Windows 10', os.arch: 'amd64', os.version: '10.0', java.version: '21.0.9'
Driver info: org.openqa.selenium.chrome.ChromeDriver
Command: [e3c2619f865bbe7399d3e664626249b8, findElement {using=class name, value=nI-gNb-icon-img}]
Capabilities {acceptInsecureCerts: false, browserName: chrome, browserVersion: 143.0.7499.110, chrome: {chromedriverVersion: 143.0.7499.42 (24bdc8c48a0c..., userDataDir: C:\Users\Shree\AppData\Loca...}, fedcm:accounts: true, goog:chromeOptions: {debuggerAddress: localhost:57087}, goog:processID: 6812, networkConnectionEnabled: false, pageLoadStrategy: normal, platformName: windows, proxy: Proxy(), se:cdp: ws://localhost:57087/devtoo..., se:cdpVersion: 143.0.7499.110, setWindowRect: true, strictFileInteractability: false, timeouts: {implicit: 0, pageLoad: 300000, script: 30000}, unhandledPromptBehavior: dismiss and notify, webauthn:extension:credBlob: true, webauthn:extension:largeBlob: true, webauthn:extension:minPinLength: true, webauthn:extension:prf: true, webauthn:virtualAuthenticators: true}
Session ID: e3c2619f865bbe7399d3e664626249b8
at java.base/jdk.internal.reflect.DirectConstructorHandleAccessor.newInstance(DirectConstructorHandleAccessor.java:62)
at java.base/java.lang.reflect.Constructor.newInstanceWithCaller(Constructor.java:502)
at java.base/java.lang.reflect.Constructor.newInstance(Constructor.java:486)
at org.openqa.selenium.remote.codec.w3c.W3CHttpResponseCodec.createException(W3CHttpResponseCodec.java:200)
at org.openqa.selenium.remote.codec.w3c.W3CHttpResponseCodec.decode(W3CHttpResponseCodec.java:133)
at org.openqa.selenium.remote.codec.w3c.W3CHttpResponseCodec.decode(W3CHttpResponseCodec.java:52)
at org.openqa.selenium.remote.HttpCommandExecutor.execute(HttpCommandExecutor.java:191)
at org.openqa.selenium.remote.service.DriverCommandExecutor.invokeExecute(DriverCommandExecutor.java:200)
at org.openqa.selenium.remote.service.DriverCommandExecutor.execute(DriverCommandExecutor.java:175)
at org.openqa.selenium.remote.RemoteWebDriver.execute(RemoteWebDriver.java:523)
at org.openqa.selenium.remote.ElementLocation$ElementFinder$2.findElement(ElementLocation.java:165)
at org.openqa.selenium.remote.ElementLocation.findElement(ElementLocation.java:59)
at org.openqa.selenium.remote.RemoteWebDriver.findElement(RemoteWebDriver.java:360)
at org.openqa.selenium.remote.RemoteWebDriver.findElement(RemoteWebDriver.java:354)
at org.openqa.selenium.support.ui.ExpectedConditions$6.apply(ExpectedConditions.java:171)
at org.openqa.selenium.support.ui.ExpectedConditions$6.apply(ExpectedConditions.java:168)
at org.openqa.selenium.support.ui.FluentWait.until(FluentWait.java:204)
... 28 more
]]>
            </full-stacktrace>
          </exception> <!-- org.openqa.selenium.TimeoutException -->
          <reporter-output>
          </reporter-output>
        </test-method> <!-- verifySuccessfulLoginDDT -->
        <test-method is-config="true" signature="teardown()[pri:0, instance:com.automation.test.LoginTest@351d00c0]" started-at="2025-12-15T22:02:56 GMT-08:00" name="teardown" finished-at="2025-12-15T22:02:57 GMT-08:00" duration-ms="328" status="PASS">
          <reporter-output>
          </reporter-output>
        </test-method> <!-- teardown -->
      </class> <!-- com.automation.test.LoginTest -->
      <class name="com.automation.test.JobSearchTest">
        <test-method is-config="true" signature="setup(java.lang.String)[pri:0, instance:com.automation.test.JobSearchTest@2b71e916]" started-at="2025-12-15T22:02:57 GMT-08:00" name="setup" finished-at="2025-12-15T22:03:03 GMT-08:00" duration-ms="6685" status="PASS">
          <params>
            <param index="0">
              <value>
                <![CDATA[Chrome]]>
              </value>
            </param>
          </params>
          <reporter-output>
          </reporter-output>
        </test-method> <!-- setup -->
        <test-method signature="verifyAdvancedSearchForQAInPune()[pri:1, instance:com.automation.test.JobSearchTest@2b71e916]" started-at="2025-12-15T22:03:03 GMT-08:00" name="verifyAdvancedSearchForQAInPune" finished-at="2025-12-15T22:03:13 GMT-08:00" duration-ms="9815" status="PASS">
          <reporter-output>
          </reporter-output>
        </test-method> <!-- verifyAdvancedSearchForQAInPune -->
        <test-method is-config="true" signature="teardown()[pri:0, instance:com.automation.test.JobSearchTest@2b71e916]" started-at="2025-12-15T22:03:13 GMT-08:00" name="teardown" finished-at="2025-12-15T22:03:14 GMT-08:00" duration-ms="396" status="PASS">
          <reporter-output>
          </reporter-output>
        </test-method> <!-- teardown -->
      </class> <!-- com.automation.test.JobSearchTest -->
    </test> <!-- Naukri_Functional_Tests -->
  </suite> <!-- Naukri_Regression_Suite -->
</testng-results>
