<?xml version="1.0" encoding="UTF-8"?>
<!-- Generated by org.testng.reporters.JUnitReportReporter -->
<testsuite hostname="DESKTOP-U5NHGPO" failures="0" tests="3" name="com.automation.test.LoginTest" time="62.375" errors="0" timestamp="2025-12-21T00:21:30 GMT-08:00" skipped="0">
  <testcase classname="com.automation.test.LoginTest" name="verifyLogin" time="24.534"/>
  <testcase classname="com.automation.test.LoginTest" name="verifyLogin" time="12.536"/>
  <testcase classname="com.automation.test.LoginTest" name="verifyLogin" time="25.305"/>
</testsuite> <!-- com.automation.test.LoginTest -->
