<?xml version="1.0" encoding="UTF-8"?>
<!-- Generated by org.testng.reporters.JUnitReportReporter -->
<testsuite hostname="DESKTOP-U5NHGPO" failures="0" tests="3" name="com.automation.test.LoginTest" time="62.247" errors="0" timestamp="2025-12-21T03:50:23 GMT-08:00" skipped="0">
  <testcase classname="com.automation.test.LoginTest" name="verifyLogin" time="26.183"/>
  <testcase classname="com.automation.test.LoginTest" name="verifyLogin" time="13.338"/>
  <testcase classname="com.automation.test.LoginTest" name="verifyLogin" time="22.726"/>
</testsuite> <!-- com.automation.test.LoginTest -->
