<?xml version="1.0" encoding="UTF-8"?>
<!-- Generated by org.testng.reporters.JUnitReportReporter -->
<testsuite hostname="DESKTOP-U5NHGPO" failures="0" tests="5" name="com.automation.test.LoginTest" time="107.127" errors="0" timestamp="2025-12-26T05:08:15 GMT-08:00" skipped="2">
  <testcase classname="com.automation.test.LoginTest" name="verifyLogin" time="21.110"/>
  <testcase classname="com.automation.test.LoginTest" name="verifyLogin" time="22.153">
    <skipped/>
  </testcase> <!-- verifyLogin -->
  <testcase classname="com.automation.test.LoginTest" name="verifyLogin" time="24.409"/>
  <testcase classname="com.automation.test.LoginTest" name="verifyLogin" time="14.431">
    <skipped/>
  </testcase> <!-- verifyLogin -->
  <testcase classname="com.automation.test.LoginTest" name="verifyLogin" time="25.024"/>
</testsuite> <!-- com.automation.test.LoginTest -->
