<?xml version="1.0" encoding="UTF-8"?>
<!-- Generated by org.testng.reporters.JUnitReportReporter -->
<testsuite hostname="DESKTOP-U5NHGPO" failures="0" tests="3" name="com.automation.test.LoginTest" time="56.618" errors="0" timestamp="2025-12-21T01:41:26 GMT-08:00" skipped="0">
  <testcase classname="com.automation.test.LoginTest" name="verifyLogin" time="22.239"/>
  <testcase classname="com.automation.test.LoginTest" name="verifyLogin" time="22.779"/>
  <testcase classname="com.automation.test.LoginTest" name="verifyLogin" time="11.600"/>
</testsuite> <!-- com.automation.test.LoginTest -->
